<?xml version="1.0" encoding="UTF-8"?>
<testng-results ignored="0" total="2" passed="2" failed="0" skipped="0">
  <reporter-output>
  </reporter-output>
  <suite started-at="2023-08-01T21:11:35 SELČ" name="Default suite" finished-at="2023-08-01T21:11:50 SELČ" duration-ms="14500">
    <groups>
    </groups>
    <test started-at="2023-08-01T21:11:35 SELČ" name="Default test" finished-at="2023-08-01T21:11:50 SELČ" duration-ms="14500">
      <class name="pages.TestDDT">
        <test-method signature="TestFireFox(java.lang.String,java.lang.String)[pri:0, instance:pages.TestDDT@4562e04d]" started-at="2023-08-01T21:11:35 SELČ" name="TestFireFox" data-provider="testdata" finished-at="2023-08-01T21:11:43 SELČ" duration-ms="8100" status="PASS">
          <params>
            <param index="0">
              <value>
                <![CDATA[username1@gmail.com]]>
              </value>
            </param>
            <param index="1">
              <value>
                <![CDATA[Password1]]>
              </value>
            </param>
          </params>
          <reporter-output>
          </reporter-output>
        </test-method> <!-- TestFireFox -->
        <test-method signature="TestFireFox(java.lang.String,java.lang.String)[pri:0, instance:pages.TestDDT@4562e04d]" started-at="2023-08-01T21:11:43 SELČ" name="TestFireFox" data-provider="testdata" finished-at="2023-08-01T21:11:50 SELČ" duration-ms="6349" status="PASS">
          <params>
            <param index="0">
              <value>
                <![CDATA[username2@gmail.com]]>
              </value>
            </param>
            <param index="1">
              <value>
                <![CDATA[Password2]]>
              </value>
            </param>
          </params>
          <reporter-output>
          </reporter-output>
        </test-method> <!-- TestFireFox -->
      </class> <!-- pages.TestDDT -->
    </test> <!-- Default test -->
  </suite> <!-- Default suite -->
</testng-results>
