<?xml version="1.0" encoding="UTF-8"?>
<!-- Generated by org.testng.reporters.JUnitReportReporter -->
<testsuite hostname="LAPTOP-J2DL21N1" failures="0" tests="3" name="pages.DataProviderExample" time="0.017" errors="0" timestamp="2023-08-01T20:48:23 SELČ" skipped="0">
  <testcase classname="pages.DataProviderExample" name="setData" time="0.003"/>
  <testcase classname="pages.DataProviderExample" name="setData" time="0.013"/>
  <testcase classname="pages.DataProviderExample" name="setData" time="0.001"/>
</testsuite> <!-- pages.DataProviderExample -->
